> POST /api/2.0/servers/ HTTP/1.1
> Authorization: Basic *****************
> User-Agent: curl/7.32.0
> Host: zrh.cloudsigma.com
> Accept: */*
> Content-Type: application/json
> Content-Length: 472
> 
* upload completely sent off: 472 out of 472 bytes
< HTTP/1.1 201 CREATED
* Server cloudflare-nginx is not blacklisted
< Server: cloudflare-nginx
< Date: Mon, 21 Apr 2014 13:00:15 GMT
< Content-Type: application/json; charset=utf-8
< Transfer-Encoding: chunked
< Connection: keep-alive
< Set-Cookie: __cfduid=d21560939903679e06eedd36f26a3dcbe1398085214320; expires=Mon, 23-Dec-2019 23:50:00 GMT; path=/; domain=.cloudsigma.com; HttpOnly
< X-API-Version: Neon.prod.06e860ef2cb5+
< Location: https://zrh.cloudsigma.com/api/2.0/servers/ffca633f-f1e8-48ed-ab5b-138739f01a0a/
< CF-RAY: 11e9c36d86bf02dc-AMS
< 
* Connection #0 to host zrh.cloudsigma.com left intact
{"objects": [{"context": true, "cpu": 1000, "cpu_model": null, "cpus_instead_of_cores": false, "drives": [{"boot_order": 1, "dev_channel": "0:0", "device": "virtio", "drive": {"resource_uri": "/api/2.0/drives/ddce5beb-6cfe-4a80-81bd-3ae5f71e0c00/", "uuid": "ddce5beb-6cfe-4a80-81bd-3ae5f71e0c00"}, "runtime": null}], "enable_numa": false, "hv_relaxed": false, "hv_tsc": false, "jobs": [], "mem": 536870912, "meta": {"meta_key2": "value2", "meta_key3": "value3"}, "name": "testServerAcc", "nics": [], "owner": {"resource_uri": "/api/2.0/user/c25eb0ed-161f-44f4-ac1d-d584ce3a5312/", "uuid": "c25eb0ed-161f-44f4-ac1d-d584ce3a5312"}, "requirements": [], "resource_uri": "/api/2.0/servers/ffca633f-f1e8-48ed-ab5b-138739f01a0a/", "runtime": null, "smp": 1, "status": "stopped", "tags": [], "uuid": "ffca633f-f1e8-48ed-ab5b-138739f01a0a", "vnc_password": "testserver"}]}
