curl https://zrh.cloudsigma.com/api/2.0/servers/detail/?limit=0
* Adding handle: conn: 0xf80c40
* Adding handle: send: 0
* Adding handle: recv: 0
* Curl_addHandleToPipeline: length: 1
* - Conn 0 (0xf80c40) send_pipe: 1, recv_pipe: 0
* About to connect() to zrh.cloudsigma.com port 443 (#0)
*   Trying 190.93.242.150...
* Connected to zrh.cloudsigma.com (190.93.242.150) port 443 (#0)
* successfully set certificate verify locations:
*   CAfile: none
  CApath: /etc/ssl/certs
* SSLv3, TLS handshake, Client hello (1):
* SSLv3, TLS handshake, Server hello (2):
* SSLv3, TLS handshake, CERT (11):
* SSLv3, TLS handshake, Server key exchange (12):
* SSLv3, TLS handshake, Server finished (14):
* SSLv3, TLS handshake, Client key exchange (16):
* SSLv3, TLS change cipher, Client hello (1):
* SSLv3, TLS handshake, Finished (20):
* SSLv3, TLS change cipher, Client hello (1):
* SSLv3, TLS handshake, Finished (20):
* SSL connection using ECDHE-RSA-AES128-SHA
* Server certificate:
* 	 subject: serialNumber=Gc4B-nqIdk8PsgLfoegjfw40ry0e20Yz; C=CH; ST=Zurich; L=Glattbrugg; O=CloudSigma AG; CN=*.cloudsigma.com
* 	 start date: 2013-06-17 19:52:16 GMT
* 	 expire date: 2014-07-21 03:32:08 GMT
* 	 subjectAltName: zrh.cloudsigma.com matched
* 	 issuer: C=US; O=GeoTrust, Inc.; CN=GeoTrust SSL CA
* 	 SSL certificate verify ok.
* Server auth using Basic with user '**************************'
> GET /api/2.0/servers/detail/?limit=0 HTTP/1.1
> Authorization: Basic ****************************
> User-Agent: curl/7.32.0
> Host: zrh.cloudsigma.com
> Accept: */*
> 
< HTTP/1.1 200 OK
* Server cloudflare-nginx is not blacklisted
< Server: cloudflare-nginx
< Date: Wed, 16 Apr 2014 12:56:54 GMT
< Content-Type: application/json; charset=utf-8
< Transfer-Encoding: chunked
< Connection: keep-alive
< Set-Cookie: __cfduid=d4beaadd16cd76089be82ff36c84758fa1397653013431; expires=Mon, 23-Dec-2019 23:50:00 GMT; path=/; domain=.cloudsigma.com; HttpOnly
< X-API-Version: Neon.prod.06e860ef2cb5+
< CF-RAY: 11c08ba5ff8402dc-AMS
< 
{"meta": {"limit": 0, "offset": 0, "total_count": 1}, "objects": [{"context": true, "cpu": 2000, "cpu_model": null, "cpus_instead_of_cores": false, "drives": [{"boot_order": 1, "dev_channel": "0:0", "device": "virtio", "drive": {"resource_uri": "/api/2.0/drives/ddce5beb-6cfe-4a80-81bd-3ae5f71e0c00/", "uuid": "ddce5beb-6cfe-4a80-81bd-3ae5f71e0c00"}, "runtime": null}], "enable_numa": false, "hv_relaxed": false, "hv_tsc": false, "jobs": [], "mem": 2147483648, "meta": {"description": "trusty-server-cloudimg-amd64", "ssh_public_key": "ssh-rsa AAAAB3NzaC1yc2EAAAADAQABAAABAQDDiwTGBsmFKBYHcKaVy5IgsYBR4XVYLS6KP/NKClE7gONlIGURE3+/45BX8TfHJHM5WTN8NBqJejKDHqwfyueR1f2VGoPkJxODGt/X/ZDNftLZLYwPd2DfDBs27ahOadZCk4Cl5l7mU0aoE74UnIcQoNPl6w7axkIFTIXr8+0HMk8DFB0iviBSJK118p1RGwhsoA1Hudn1CsgqARGPmNn6mxwvmQfQY7hZxZoOH9WMcvkNZ7rAFrwS/BuvEpEXkoC95K/JDPvmQVVJk7we+WeHfTYSmApkDFcSaypyjL2HOV8pvE+VntcIIhZccHiOubyjsBAx5aoTI+ueCsoz5AL1 maxim.perenesenko@altoros.com"}, "name": "trusty-server-cloudimg-amd64", "nics": [{"boot_order": null, "fir* Connection #0 to host zrh.cloudsigma.com left intact
ewall_policy": null, "ip_v4_conf": {"conf": "static", "ip": {"resource_uri": "/api/2.0/ips/31.171.246.37/", "uuid": "31.171.246.37"}}, "ip_v6_conf": null, "mac": "22:40:85:4f:d3:ce", "model": "virtio", "runtime": null, "vlan": null}, {"boot_order": null, "firewall_policy": null, "ip_v4_conf": null, "ip_v6_conf": null, "mac": "22:aa:fe:07:48:3b", "model": "virtio", "runtime": null, "vlan": {"resource_uri": "/api/2.0/vlans/5bc05e7e-6555-4f40-add8-3b8e91447702/", "uuid": "5bc05e7e-6555-4f40-add8-3b8e91447702"}}], "owner": {"resource_uri": "/api/2.0/user/c25eb0ed-161f-44f4-ac1d-d584ce3a5312/", "uuid": "c25eb0ed-161f-44f4-ac1d-d584ce3a5312"}, "requirements": [], "resource_uri": "/api/2.0/servers/472835d5-2bbb-4d87-9d08-7364bc373691/", "runtime": null, "smp": 1, "status": "starting", "tags": [], "uuid": "472835d5-2bbb-4d87-9d08-7364bc373691", "vnc_password": "Pim3UkEc"}]}