curl https://zrh.cloudsigma.com/api/2.0/servers/?limit=0
* Adding handle: send: 0
* Adding handle: recv: 0
* Curl_addHandleToPipeline: length: 1
* - Conn 0 (0x6b3bf0) send_pipe: 1, recv_pipe: 0
* About to connect() to zrh.cloudsigma.com port 443 (#0)
*   Trying 190.93.243.150...
* Connected to zrh.cloudsigma.com (190.93.243.150) port 443 (#0)
* successfully set certificate verify locations:
*   CAfile: none
  CApath: /etc/ssl/certs
* SSLv3, TLS handshake, Client hello (1):
* SSLv3, TLS handshake, Server hello (2):
* SSLv3, TLS handshake, CERT (11):
* SSLv3, TLS handshake, Server key exchange (12):
* SSLv3, TLS handshake, Server finished (14):
* SSLv3, TLS handshake, Client key exchange (16):
* SSLv3, TLS change cipher, Client hello (1):
* SSLv3, TLS handshake, Finished (20):
* SSLv3, TLS change cipher, Client hello (1):
* SSLv3, TLS handshake, Finished (20):
* SSL connection using ECDHE-RSA-AES128-SHA
* Server certificate:
* 	 subject: serialNumber=Gc4B-nqIdk8PsgLfoegjfw40ry0e20Yz; C=CH; ST=Zurich; L=Glattbrugg; O=CloudSigma AG; CN=*.cloudsigma.com
* 	 start date: 2013-06-17 19:52:16 GMT
* 	 expire date: 2014-07-21 03:32:08 GMT
* 	 subjectAltName: zrh.cloudsigma.com matched
* 	 issuer: C=US; O=GeoTrust, Inc.; CN=GeoTrust SSL CA
* 	 SSL certificate verify ok.
* Server auth using Basic with user '**************************'
> GET /api/2.0/servers/?limit=0 HTTP/1.1
> Authorization: Basic ******************
> User-Agent: curl/7.32.0
> Host: zrh.cloudsigma.com
> Accept: */*
> 
< HTTP/1.1 200 OK
* Server cloudflare-nginx is not blacklisted
< Server: cloudflare-nginx
< Date: Wed, 16 Apr 2014 12:50:48 GMT
< Content-Type: application/json; charset=utf-8
< Transfer-Encoding: chunked
< Connection: keep-alive
< Set-Cookie: __cfduid=d7dd955c2ef9b86da28a06fe54c3ee1871397652643948; expires=Mon, 23-Dec-2019 23:50:00 GMT; path=/; domain=.cloudsigma.com; HttpOnly
< X-API-Version: Neon.prod.06e860ef2cb5+
< CF-RAY: 11c082a0a98c047f-FRA
< 
* Connection #0 to host zrh.cloudsigma.com left intact
{"meta": {"limit": 0, "offset": 0, "total_count": 1}, "objects": [{"name": "trusty-server-cloudimg-amd64", "owner": {"resource_uri": "/api/2.0/user/c25eb0ed-161f-44f4-ac1d-d584ce3a5312/", "uuid": "c25eb0ed-161f-44f4-ac1d-d584ce3a5312"}, "resource_uri": "/api/2.0/servers/472835d5-2bbb-4d87-9d08-7364bc373691/", "runtime": null, "status": "starting", "uuid": "472835d5-2bbb-4d87-9d08-7364bc373691"}]}